<?xml version="1.0" encoding="UTF-8"?>
<testng-results skipped="0" failed="0" ignored="0" total="1" passed="1">
  <reporter-output>
  </reporter-output>
  <suite name="Suite" duration-ms="41233" started-at="2017-12-12T10:38:07Z" finished-at="2017-12-12T10:38:48Z">
    <groups>
    </groups>
    <test name="Test" duration-ms="41233" started-at="2017-12-12T10:38:07Z" finished-at="2017-12-12T10:38:48Z">
      <class name="test.testngclass">
        <test-method status="PASS" signature="test()[pri:0, instance:test.testngclass@18bf3d14]" name="test" duration-ms="41062" started-at="2017-12-12T10:38:07Z" finished-at="2017-12-12T10:38:48Z">
          <reporter-output>
          </reporter-output>
        </test-method> <!-- test -->
      </class> <!-- test.testngclass -->
    </test> <!-- Test -->
  </suite> <!-- Suite -->
</testng-results>
